TN:
SF:src/router.ts
FN:23,(anonymous_0)
FN:35,(anonymous_1)
FNF:2
FNH:2
FNDA:4,(anonymous_0)
FNDA:2,(anonymous_1)
DA:1,2
DA:2,2
DA:3,2
DA:4,2
DA:6,2
DA:9,2
DA:11,2
DA:17,2
DA:23,4
DA:28,2
DA:35,2
DA:42,2
DA:48,2
DA:54,2
LF:14
LH:14
BRF:0
BRH:0
end_of_record
TN:
SF:src/server.ts
FN:7,connectDB
FN:28,(anonymous_2)
FNF:2
FNH:2
FNDA:1,connectDB
FNDA:1,(anonymous_2)
DA:1,2
DA:2,2
DA:3,2
DA:4,2
DA:7,2
DA:8,1
DA:9,1
DA:10,0
DA:11,0
DA:13,1
DA:17,2
DA:18,0
DA:21,2
DA:24,2
DA:26,2
DA:28,2
DA:29,1
DA:32,2
LF:18
LH:15
BRDA:17,0,0,0
BRF:1
BRH:0
end_of_record
TN:
SF:src/config/db.ts
FNF:0
FNH:0
DA:1,2
DA:2,2
DA:3,2
DA:5,2
DA:6,0
DA:8,2
DA:13,2
LF:7
LH:6
BRDA:5,0,0,0
BRF:1
BRH:0
end_of_record
TN:
SF:src/handlers/product.ts
FN:4,(anonymous_1)
FN:10,(anonymous_2)
FN:18,(anonymous_3)
FN:23,(anonymous_4)
FN:30,(anonymous_5)
FN:41,(anonymous_6)
FNF:6
FNH:4
FNDA:2,(anonymous_1)
FNDA:2,(anonymous_2)
FNDA:1,(anonymous_3)
FNDA:0,(anonymous_4)
FNDA:0,(anonymous_5)
FNDA:2,(anonymous_6)
DA:2,2
DA:4,2
DA:5,2
DA:8,2
DA:10,2
DA:11,2
DA:12,2
DA:13,1
DA:15,1
DA:18,2
DA:19,1
DA:20,1
DA:23,2
DA:24,0
DA:27,0
DA:30,2
DA:31,0
DA:32,0
DA:33,0
DA:35,0
DA:36,0
DA:37,0
DA:41,2
DA:42,2
DA:43,2
DA:44,1
DA:46,1
DA:47,1
LF:28
LH:20
BRDA:12,0,0,1
BRDA:12,0,1,1
BRDA:32,1,0,0
BRDA:32,1,1,0
BRDA:43,2,0,1
BRDA:43,2,1,1
BRF:6
BRH:4
end_of_record
TN:
SF:src/middleware/index.ts
FN:4,(anonymous_0)
FNF:1
FNH:1
FNDA:11,(anonymous_0)
DA:2,2
DA:4,2
DA:5,11
DA:6,11
DA:7,6
DA:8,6
DA:11,5
LF:7
LH:7
BRDA:6,0,0,6
BRF:1
BRH:1
end_of_record
TN:
SF:src/models/Product.model.ts
FNF:0
FNH:0
DA:1,3
DA:4,3
DA:6,3
DA:9,3
DA:13,3
DA:16,3
LF:6
LH:6
BRF:0
BRH:0
end_of_record
